<?xml version="1.0" encoding="UTF-8"?>
<testsuites name="aktivasi_akun" time="93.643" tests="2" failures="0" errors="0">
   <testsuite name="aktivasi_akun" tests="2" failures="0" errors="0" time="93.643" skipped="0" timestamp="2022-06-24 13:43:53" hostname="bayusulistyo - 10.0.40.170" id="Test Suites/01. registrasi/aktivasi_akun">
      <properties>
[...]
</properties>
      <testcase name="Test Cases/01. registrasi/setup_ocdk" time="45.267" classname="Test Cases/01. registrasi/setup_ocdk" status="PASSED">
         <system-out><![CDATA[2022-06-24 13:43:54 - [TEST_CASE][PASSED] - Test Cases/01. registrasi/setup_ocdk: Test Cases/01. registrasi/setup_ocdk

2022-06-24 13:43:54 - [TEST_STEP][PASSED] - startApplication("/Users/bayusulistyo/Downloads/" + apk, true): Started app at: '/Users/bayusulistyo/Downloads/ottosdk-hostapp-27-01-2021.apk'

2022-06-24 13:43:57 - [MESSAGE][INFO] - User set preference: ['appWaitActivity', '*']

2022-06-24 13:43:57 - [MESSAGE][INFO] - User set preference: ['deviceId', '8756e6bc']

2022-06-24 13:43:57 - [MESSAGE][INFO] - Detected NodeJS location: "/usr/local/bin/node"

2022-06-24 13:44:01 - [MESSAGE][INFO] - Appium server started on port 50,822

2022-06-24 13:44:26 - [MESSAGE][PASSED] - Started app at: '/Users/bayusulistyo/Downloads/ottosdk-hostapp-27-01-2021.apk'

2022-06-24 13:44:26 - [TEST_STEP][PASSED] - comment("Set Link Otto Cash"): Set Link Otto Cash

2022-06-24 13:44:26 - [MESSAGE][INFO] - Set Link Otto Cash

2022-06-24 13:44:26 - [TEST_STEP][PASSED] - setText(findTestObject("Setup/EUrl"), baseUrl, 0): Text 'https://wolverine-dev.ottodigital.id/ocsdk' has been set to element 'Object Repository/Setup/EUrl'

2022-06-24 13:44:27 - [MESSAGE][WARNING] - Timeout '0' is invalid. Using default page load timeout: '30'

2022-06-24 13:44:28 - [MESSAGE][PASSED] - Text 'https://wolverine-dev.ottodigital.id/ocsdk' has been set to element 'Object Repository/Setup/EUrl'

2022-06-24 13:44:28 - [TEST_STEP][PASSED] - delay(1): Delayed 1 second(s)

2022-06-24 13:44:29 - [MESSAGE][PASSED] - Delayed 1 second(s)

2022-06-24 13:44:29 - [TEST_STEP][PASSED] - comment("Set Hp Customer"): Set Hp Customer

2022-06-24 13:44:29 - [MESSAGE][INFO] - Set Hp Customer

2022-06-24 13:44:29 - [TEST_STEP][PASSED] - setText(findTestObject("Setup/EPhone"), hp, 0): Text '0895635114073' has been set to element 'Object Repository/Setup/EPhone'

2022-06-24 13:44:29 - [MESSAGE][WARNING] - Timeout '0' is invalid. Using default page load timeout: '30'

2022-06-24 13:44:30 - [MESSAGE][PASSED] - Text '0895635114073' has been set to element 'Object Repository/Setup/EPhone'

2022-06-24 13:44:30 - [TEST_STEP][PASSED] - delay(1): Delayed 1 second(s)

2022-06-24 13:44:31 - [MESSAGE][PASSED] - Delayed 1 second(s)

2022-06-24 13:44:31 - [TEST_STEP][PASSED] - appID = app_id: null

2022-06-24 13:44:31 - [TEST_STEP][PASSED] - ClientID = "": null

2022-06-24 13:44:31 - [TEST_STEP][PASSED] - SecretID = "": null

2022-06-24 13:44:31 - [TEST_STEP][PASSED] - switch (appID): null

2022-06-24 13:44:31 - [TEST_STEP][PASSED] - case "BOGASARI":: null

2022-06-24 13:44:31 - [TEST_STEP][PASSED] - ClientID = ClientID_BOGASARI: null

2022-06-24 13:44:31 - [TEST_STEP][PASSED] - SecretID = SecretID_BOGASARI: null

2022-06-24 13:44:31 - [TEST_STEP][PASSED] - break: null

2022-06-24 13:44:31 - [TEST_STEP][PASSED] - comment("Set AppID"): Set AppID

2022-06-24 13:44:31 - [MESSAGE][INFO] - Set AppID

2022-06-24 13:44:31 - [TEST_STEP][PASSED] - setText(findTestObject("Setup/EappID"), appID, 0): Text 'BOGASARI' has been set to element 'Object Repository/Setup/EappID'

2022-06-24 13:44:31 - [MESSAGE][WARNING] - Timeout '0' is invalid. Using default page load timeout: '30'

2022-06-24 13:44:32 - [MESSAGE][PASSED] - Text 'BOGASARI' has been set to element 'Object Repository/Setup/EappID'

2022-06-24 13:44:32 - [TEST_STEP][PASSED] - delay(1): Delayed 1 second(s)

2022-06-24 13:44:33 - [MESSAGE][PASSED] - Delayed 1 second(s)

2022-06-24 13:44:33 - [TEST_STEP][PASSED] - comment("Set ClientID"): Set ClientID

2022-06-24 13:44:33 - [MESSAGE][INFO] - Set ClientID

2022-06-24 13:44:33 - [TEST_STEP][PASSED] - setText(findTestObject("Setup/EClientID"), ClientID, 0): Text 'L81P6nw_XhPf_recEmeuTEm1548a' has been set to element 'Object Repository/Setup/EClientID'

2022-06-24 13:44:33 - [MESSAGE][WARNING] - Timeout '0' is invalid. Using default page load timeout: '30'

2022-06-24 13:44:34 - [MESSAGE][PASSED] - Text 'L81P6nw_XhPf_recEmeuTEm1548a' has been set to element 'Object Repository/Setup/EClientID'

2022-06-24 13:44:34 - [TEST_STEP][PASSED] - delay(1): Delayed 1 second(s)

2022-06-24 13:44:35 - [MESSAGE][PASSED] - Delayed 1 second(s)

2022-06-24 13:44:35 - [TEST_STEP][PASSED] - comment("Set SecretID"): Set SecretID

2022-06-24 13:44:35 - [MESSAGE][INFO] - Set SecretID

2022-06-24 13:44:35 - [TEST_STEP][PASSED] - setText(findTestObject("Setup/EClientSecret"), SecretID, 0): Text '9NxqotTEqnHG8iIqRRBVCicBbhga' has been set to element 'Object Repository/Setup/EClientSecret'

2022-06-24 13:44:35 - [MESSAGE][WARNING] - Timeout '0' is invalid. Using default page load timeout: '30'

2022-06-24 13:44:36 - [MESSAGE][PASSED] - Text '9NxqotTEqnHG8iIqRRBVCicBbhga' has been set to element 'Object Repository/Setup/EClientSecret'

2022-06-24 13:44:36 - [TEST_STEP][PASSED] - delay(1): Delayed 1 second(s)

2022-06-24 13:44:37 - [MESSAGE][PASSED] - Delayed 1 second(s)

2022-06-24 13:44:37 - [TEST_STEP][PASSED] - comment("Save Setup"): Save Setup

2022-06-24 13:44:37 - [MESSAGE][INFO] - Save Setup

2022-06-24 13:44:37 - [TEST_STEP][PASSED] - tap(findTestObject("Setup/SaveSetup"), 0): Tapped on element 'Object Repository/Setup/SaveSetup'

2022-06-24 13:44:37 - [MESSAGE][WARNING] - Timeout '0' is invalid. Using default page load timeout: '30'

2022-06-24 13:44:37 - [MESSAGE][PASSED] - Tapped on element 'Object Repository/Setup/SaveSetup'

2022-06-24 13:44:37 - [TEST_STEP][PASSED] - takeScreenshot(): Screenshot is taken

2022-06-24 13:44:38 - [MESSAGE][PASSED] - Screenshot is taken
[[ATTACHMENT|/Users/bayusulistyo/Documents/GitHub/Wolverine/Reports/20220624_134338/01. registrasi/aktivasi_akun/20220624_134338/1656053077588.png]]

2022-06-24 13:44:38 - [TEST_STEP][PASSED] - delay(1): Delayed 1 second(s)

2022-06-24 13:44:39 - [MESSAGE][PASSED] - Delayed 1 second(s)]]></system-out>
         <system-err><![CDATA[]]></system-err>
      </testcase>
      <testcase name="Test Cases/01. registrasi/aktivasi_akun" time="47.714" classname="Test Cases/01. registrasi/aktivasi_akun" status="PASSED">
         <system-out><![CDATA[2022-06-24 13:44:39 - [TEST_CASE][PASSED] - Test Cases/01. registrasi/aktivasi_akun: Test Cases/01. registrasi/aktivasi_akun

2022-06-24 13:44:39 - [TEST_STEP][PASSED] - if (verifyElementVisible(findTestObject("aktivasi/menu"), 5, OPTIONAL)): Element 'Object Repository/aktivasi/menu' not found

2022-06-24 13:44:45 - [MESSAGE][WARNING] - Element 'Object Repository/aktivasi/menu' not found

2022-06-24 13:44:45 - [TEST_STEP][PASSED] - else: null

2022-06-24 13:44:45 - [TEST_STEP][PASSED] - comment("Checklist"): Checklist

2022-06-24 13:44:45 - [MESSAGE][INFO] - Checklist

2022-06-24 13:44:45 - [TEST_STEP][PASSED] - tap(findTestObject("Object Repository/aktivasi/checklist"), 0): Tapped on element 'Object Repository/aktivasi/checklist'

2022-06-24 13:44:45 - [MESSAGE][WARNING] - Timeout '0' is invalid. Using default page load timeout: '30'

2022-06-24 13:44:45 - [MESSAGE][PASSED] - Tapped on element 'Object Repository/aktivasi/checklist'

2022-06-24 13:44:45 - [TEST_STEP][PASSED] - delay(1): Delayed 1 second(s)

2022-06-24 13:44:46 - [MESSAGE][PASSED] - Delayed 1 second(s)

2022-06-24 13:44:46 - [TEST_STEP][PASSED] - comment("Klik Aktifkan"): Klik Aktifkan

2022-06-24 13:44:46 - [MESSAGE][INFO] - Klik Aktifkan

2022-06-24 13:44:46 - [TEST_STEP][PASSED] - tap(findTestObject("Object Repository/aktivasi/Aktifkan"), 0): Tapped on element 'Object Repository/aktivasi/Aktifkan'

2022-06-24 13:44:46 - [MESSAGE][WARNING] - Timeout '0' is invalid. Using default page load timeout: '30'

2022-06-24 13:44:46 - [MESSAGE][PASSED] - Tapped on element 'Object Repository/aktivasi/Aktifkan'

2022-06-24 13:44:46 - [TEST_STEP][PASSED] - takeScreenshot(): Screenshot is taken

2022-06-24 13:44:47 - [MESSAGE][PASSED] - Screenshot is taken
[[ATTACHMENT|/Users/bayusulistyo/Documents/GitHub/Wolverine/Reports/20220624_134338/01. registrasi/aktivasi_akun/20220624_134338/1656053086697.png]]

2022-06-24 13:44:47 - [TEST_STEP][PASSED] - delay(2): Delayed 2 second(s)

2022-06-24 13:44:49 - [MESSAGE][PASSED] - Delayed 2 second(s)

2022-06-24 13:44:49 - [TEST_STEP][PASSED] - responseObj = sendRequest(findTestObject("Object Repository/GetOTP")): Send request successfully

2022-06-24 13:44:50 - [MESSAGE][INFO] - HAR: /Users/bayusulistyo/Documents/GitHub/Wolverine/Reports/20220624_134338/01. registrasi/aktivasi_akun/20220624_134338/requests/main/0.har

2022-06-24 13:44:50 - [MESSAGE][PASSED] - Send request successfully

2022-06-24 13:44:50 - [TEST_STEP][PASSED] - if (verifyResponseStatusCode(responseObj, 200)): null

2022-06-24 13:44:50 - [MESSAGE][PASSED] - Verify response status code successfully

2022-06-24 13:44:50 - [TEST_STEP][PASSED] - out.println("Get OTP BERHASIL"): null

2022-06-24 13:44:51 - [TEST_STEP][PASSED] - delay(2): Delayed 2 second(s)

2022-06-24 13:44:53 - [MESSAGE][PASSED] - Delayed 2 second(s)

2022-06-24 13:44:53 - [TEST_STEP][PASSED] - slurper = new groovy.json.JsonSlurper(): null

2022-06-24 13:44:53 - [TEST_STEP][PASSED] - parsedJson = slurper.parseText(responseObj.getResponseText()): null

2022-06-24 13:44:53 - [TEST_STEP][PASSED] - getOTP = get("otp").get("otp_number"): null

2022-06-24 13:44:53 - [TEST_STEP][PASSED] - out.println(getOTP): null

2022-06-24 13:44:53 - [TEST_STEP][PASSED] - delay(1): Delayed 1 second(s)

2022-06-24 13:44:54 - [MESSAGE][PASSED] - Delayed 1 second(s)

2022-06-24 13:44:54 - [TEST_STEP][PASSED] - varOTP = getOTP: null

2022-06-24 13:44:54 - [TEST_STEP][PASSED] - otp1 = substring(0, 1).trim(): null

2022-06-24 13:44:54 - [TEST_STEP][PASSED] - otp2 = substring(1, 2).trim(): null

2022-06-24 13:44:54 - [TEST_STEP][PASSED] - otp3 = substring(2, 3).trim(): null

2022-06-24 13:44:54 - [TEST_STEP][PASSED] - otp4 = substring(3, 4).trim(): null

2022-06-24 13:44:54 - [TEST_STEP][PASSED] - otp5 = substring(4, 5).trim(): null

2022-06-24 13:44:54 - [TEST_STEP][PASSED] - otp6 = substring(5, 6).trim(): null

2022-06-24 13:44:54 - [TEST_STEP][PASSED] - comment("Input OTP"): Input OTP

2022-06-24 13:44:54 - [MESSAGE][INFO] - Input OTP

2022-06-24 13:44:54 - [TEST_STEP][PASSED] - pressBack(): Press back button successfully

2022-06-24 13:44:54 - [MESSAGE][PASSED] - Press back button successfully

2022-06-24 13:44:54 - [TEST_STEP][PASSED] - setText(findTestObject("aktivasi/Eotp1"), otp1, 0): Text '8' has been set to element 'Object Repository/aktivasi/Eotp1'

2022-06-24 13:44:54 - [MESSAGE][WARNING] - Timeout '0' is invalid. Using default page load timeout: '30'

2022-06-24 13:44:55 - [MESSAGE][PASSED] - Text '8' has been set to element 'Object Repository/aktivasi/Eotp1'

2022-06-24 13:44:55 - [TEST_STEP][PASSED] - pressBack(): Press back button successfully

2022-06-24 13:44:56 - [MESSAGE][PASSED] - Press back button successfully

2022-06-24 13:44:56 - [TEST_STEP][PASSED] - setText(findTestObject("aktivasi/Eotp2"), otp2, 0): Text '9' has been set to element 'Object Repository/aktivasi/Eotp2'

2022-06-24 13:44:56 - [MESSAGE][WARNING] - Timeout '0' is invalid. Using default page load timeout: '30'

2022-06-24 13:44:57 - [MESSAGE][PASSED] - Text '9' has been set to element 'Object Repository/aktivasi/Eotp2'

2022-06-24 13:44:57 - [TEST_STEP][PASSED] - pressBack(): Press back button successfully

2022-06-24 13:44:58 - [MESSAGE][PASSED] - Press back button successfully

2022-06-24 13:44:58 - [TEST_STEP][PASSED] - setText(findTestObject("aktivasi/Eotp3"), otp3, 0): Text '2' has been set to element 'Object Repository/aktivasi/Eotp3'

2022-06-24 13:44:58 - [MESSAGE][WARNING] - Timeout '0' is invalid. Using default page load timeout: '30'

2022-06-24 13:44:59 - [MESSAGE][PASSED] - Text '2' has been set to element 'Object Repository/aktivasi/Eotp3'

2022-06-24 13:44:59 - [TEST_STEP][PASSED] - pressBack(): Press back button successfully

2022-06-24 13:45:00 - [MESSAGE][PASSED] - Press back button successfully

2022-06-24 13:45:00 - [TEST_STEP][PASSED] - setText(findTestObject("aktivasi/Eotp4"), otp4, 0): Text '7' has been set to element 'Object Repository/aktivasi/Eotp4'

2022-06-24 13:45:00 - [MESSAGE][WARNING] - Timeout '0' is invalid. Using default page load timeout: '30'

2022-06-24 13:45:01 - [MESSAGE][PASSED] - Text '7' has been set to element 'Object Repository/aktivasi/Eotp4'

2022-06-24 13:45:01 - [TEST_STEP][PASSED] - pressBack(): Press back button successfully

2022-06-24 13:45:01 - [MESSAGE][PASSED] - Press back button successfully

2022-06-24 13:45:01 - [TEST_STEP][PASSED] - setText(findTestObject("aktivasi/Eotp5"), otp5, 0): Text '9' has been set to element 'Object Repository/aktivasi/Eotp5'

2022-06-24 13:45:01 - [MESSAGE][WARNING] - Timeout '0' is invalid. Using default page load timeout: '30'

2022-06-24 13:45:02 - [MESSAGE][PASSED] - Text '9' has been set to element 'Object Repository/aktivasi/Eotp5'

2022-06-24 13:45:02 - [TEST_STEP][PASSED] - pressBack(): Press back button successfully

2022-06-24 13:45:03 - [MESSAGE][PASSED] - Press back button successfully

2022-06-24 13:45:03 - [TEST_STEP][PASSED] - takeScreenshot(): Screenshot is taken

2022-06-24 13:45:04 - [MESSAGE][PASSED] - Screenshot is taken
[[ATTACHMENT|/Users/bayusulistyo/Documents/GitHub/Wolverine/Reports/20220624_134338/01. registrasi/aktivasi_akun/20220624_134338/1656053103549.png]]

2022-06-24 13:45:04 - [TEST_STEP][PASSED] - delay(1): Delayed 1 second(s)

2022-06-24 13:45:05 - [MESSAGE][PASSED] - Delayed 1 second(s)

2022-06-24 13:45:05 - [TEST_STEP][PASSED] - setText(findTestObject("aktivasi/Eotp6"), otp6, 0): Text '7' has been set to element 'Object Repository/aktivasi/Eotp6'

2022-06-24 13:45:05 - [MESSAGE][WARNING] - Timeout '0' is invalid. Using default page load timeout: '30'

2022-06-24 13:45:05 - [MESSAGE][PASSED] - Text '7' has been set to element 'Object Repository/aktivasi/Eotp6'

2022-06-24 13:45:05 - [TEST_STEP][PASSED] - delay(3): Delayed 3 second(s)

2022-06-24 13:45:08 - [MESSAGE][PASSED] - Delayed 3 second(s)

2022-06-24 13:45:08 - [TEST_STEP][PASSED] - comment("Input PIN"): Input PIN

2022-06-24 13:45:08 - [MESSAGE][INFO] - Input PIN

2022-06-24 13:45:08 - [TEST_STEP][PASSED] - varPIN = pin: null

2022-06-24 13:45:08 - [TEST_STEP][PASSED] - pin1 = substring(0, 1).trim(): null

2022-06-24 13:45:08 - [TEST_STEP][PASSED] - pin2 = substring(1, 2).trim(): null

2022-06-24 13:45:08 - [TEST_STEP][PASSED] - pin3 = substring(2, 3).trim(): null

2022-06-24 13:45:08 - [TEST_STEP][PASSED] - pin4 = substring(3, 4).trim(): null

2022-06-24 13:45:08 - [TEST_STEP][PASSED] - pin5 = substring(4, 5).trim(): null

2022-06-24 13:45:08 - [TEST_STEP][PASSED] - pin6 = substring(5, 6).trim(): null

2022-06-24 13:45:08 - [TEST_STEP][PASSED] - setText(findTestObject("aktivasi/Epin1"), pin1, 0): Text '1' has been set to element 'Object Repository/aktivasi/Epin1'

2022-06-24 13:45:08 - [MESSAGE][WARNING] - Timeout '0' is invalid. Using default page load timeout: '30'

2022-06-24 13:45:09 - [MESSAGE][PASSED] - Text '1' has been set to element 'Object Repository/aktivasi/Epin1'

2022-06-24 13:45:09 - [TEST_STEP][PASSED] - setText(findTestObject("aktivasi/Epin2"), pin2, 0): Text '9' has been set to element 'Object Repository/aktivasi/Epin2'

2022-06-24 13:45:09 - [MESSAGE][WARNING] - Timeout '0' is invalid. Using default page load timeout: '30'

2022-06-24 13:45:09 - [MESSAGE][PASSED] - Text '9' has been set to element 'Object Repository/aktivasi/Epin2'

2022-06-24 13:45:09 - [TEST_STEP][PASSED] - setText(findTestObject("aktivasi/Epin3"), pin3, 0): Text '1' has been set to element 'Object Repository/aktivasi/Epin3'

2022-06-24 13:45:10 - [MESSAGE][WARNING] - Timeout '0' is invalid. Using default page load timeout: '30'

2022-06-24 13:45:10 - [MESSAGE][PASSED] - Text '1' has been set to element 'Object Repository/aktivasi/Epin3'

2022-06-24 13:45:10 - [TEST_STEP][PASSED] - setText(findTestObject("aktivasi/Epin4"), pin4, 0): Text '1' has been set to element 'Object Repository/aktivasi/Epin4'

2022-06-24 13:45:10 - [MESSAGE][WARNING] - Timeout '0' is invalid. Using default page load timeout: '30'

2022-06-24 13:45:11 - [MESSAGE][PASSED] - Text '1' has been set to element 'Object Repository/aktivasi/Epin4'

2022-06-24 13:45:11 - [TEST_STEP][PASSED] - setText(findTestObject("aktivasi/Epin5"), pin5, 0): Text '6' has been set to element 'Object Repository/aktivasi/Epin5'

2022-06-24 13:45:11 - [MESSAGE][WARNING] - Timeout '0' is invalid. Using default page load timeout: '30'

2022-06-24 13:45:12 - [MESSAGE][PASSED] - Text '6' has been set to element 'Object Repository/aktivasi/Epin5'

2022-06-24 13:45:12 - [TEST_STEP][PASSED] - takeScreenshot(): Screenshot is taken

2022-06-24 13:45:13 - [MESSAGE][PASSED] - Screenshot is taken
[[ATTACHMENT|/Users/bayusulistyo/Documents/GitHub/Wolverine/Reports/20220624_134338/01. registrasi/aktivasi_akun/20220624_134338/1656053112313.png]]

2022-06-24 13:45:13 - [TEST_STEP][PASSED] - delay(1): Delayed 1 second(s)

2022-06-24 13:45:14 - [MESSAGE][PASSED] - Delayed 1 second(s)

2022-06-24 13:45:14 - [TEST_STEP][PASSED] - setText(findTestObject("aktivasi/Epin6"), pin6, 0): Text '4' has been set to element 'Object Repository/aktivasi/Epin6'

2022-06-24 13:45:14 - [MESSAGE][WARNING] - Timeout '0' is invalid. Using default page load timeout: '30'

2022-06-24 13:45:14 - [MESSAGE][PASSED] - Text '4' has been set to element 'Object Repository/aktivasi/Epin6'

2022-06-24 13:45:14 - [TEST_STEP][PASSED] - comment("Klik Selesai Aktivasi"): Klik Selesai Aktivasi

2022-06-24 13:45:14 - [MESSAGE][INFO] - Klik Selesai Aktivasi

2022-06-24 13:45:14 - [TEST_STEP][PASSED] - tap(findTestObject("aktivasi/BtnSelesai"), 0): Tapped on element 'Object Repository/aktivasi/BtnSelesai'

2022-06-24 13:45:14 - [MESSAGE][WARNING] - Timeout '0' is invalid. Using default page load timeout: '30'

2022-06-24 13:45:24 - [MESSAGE][PASSED] - Tapped on element 'Object Repository/aktivasi/BtnSelesai'

2022-06-24 13:45:24 - [TEST_STEP][PASSED] - takeScreenshot(): Screenshot is taken

2022-06-24 13:45:25 - [MESSAGE][PASSED] - Screenshot is taken
[[ATTACHMENT|/Users/bayusulistyo/Documents/GitHub/Wolverine/Reports/20220624_134338/01. registrasi/aktivasi_akun/20220624_134338/1656053124154.png]]

2022-06-24 13:45:25 - [TEST_STEP][PASSED] - delay(2): Delayed 2 second(s)

2022-06-24 13:45:27 - [MESSAGE][PASSED] - Delayed 2 second(s)]]></system-out>
         <system-err><![CDATA[]]></system-err>
      </testcase>
      <system-out><![CDATA[2022-06-24 13:43:53 - [TEST_SUITE][PASSED] - aktivasi_akun: Test Cases/01. registrasi/aktivasi_akun]]></system-out>
      <system-err><![CDATA[]]></system-err>
   </testsuite>
</testsuites>
